<?xml version="1.0" encoding="UTF-8"?>
<!-- Generated by org.testng.reporters.JUnitReportReporter -->
<testsuite hostname="sefikas-MacBook-Pro.local" name="com.hubspot.tests.HomePageTest" tests="3" failures="0" timestamp="21 Jul 2020 02:56:03 GMT" time="39.454" errors="0">
  <testcase name="verifyLoggedInUserAccountName" time="13.697" classname="com.hubspot.tests.HomePageTest"/>
  <testcase name="verifyHomePageHeader" time="12.447" classname="com.hubspot.tests.HomePageTest"/>
  <testcase name="verifyHomePageTitle" time="13.310" classname="com.hubspot.tests.HomePageTest"/>
</testsuite> <!-- com.hubspot.tests.HomePageTest -->
