<?xml version="1.0" encoding="UTF-8"?>
<!-- Generated by org.testng.reporters.JUnitReportReporter -->
<testsuite hostname="sefikas-MacBook-Pro.local" name="com.hubspot.tests.ContactsPageTest" tests="4" failures="0" timestamp="21 Jul 2020 03:50:26 GMT" time="133.511" errors="0">
  <testcase name="createContactsTest" time="35.837" classname="com.hubspot.tests.ContactsPageTest"/>
  <testcase name="verifyContactsPageTitle" time="21.939" classname="com.hubspot.tests.ContactsPageTest"/>
  <testcase name="createContactsTest" time="37.220" classname="com.hubspot.tests.ContactsPageTest"/>
  <testcase name="createContactsTest" time="38.515" classname="com.hubspot.tests.ContactsPageTest"/>
</testsuite> <!-- com.hubspot.tests.ContactsPageTest -->
