<?xml version="1.0" encoding="UTF-8"?>
<!-- Generated by org.testng.reporters.JUnitReportReporter -->
<testsuite hostname="sefikas-MacBook-Pro.local" name="com.hubspot.tests.LoginPageTest" tests="1" failures="0" timestamp="21 Jul 2020 03:08:13 GMT" time="15.384" errors="0">
  <testcase name="loginTest1" time="15.384" classname="com.hubspot.tests.LoginPageTest"/>
</testsuite> <!-- com.hubspot.tests.LoginPageTest -->
